<?xml version="1.0" encoding="UTF-8"?>
<!-- Generated by org.testng.reporters.JUnitReportReporter -->
<testsuite skipped="0" hostname="DESKTOP-KH6GACJ" name="com.amazon.qa.tests.HomePageTest" tests="1" failures="0" timestamp="04 Sep 2018 16:16:03 GMT" time="14.993" errors="0">
  <testcase name="clickonSigninbtn" time="14.993" classname="com.amazon.qa.tests.HomePageTest"/>
</testsuite> <!-- com.amazon.qa.tests.HomePageTest -->
