<?xml version="1.0" encoding="UTF-8"?>
<!-- Generated by org.testng.reporters.JUnitReportReporter -->
<testsuite skipped="0" hostname="DESKTOP-KH6GACJ" name="com.amazon.qa.tests.HomePageTest" tests="8" failures="0" timestamp="09 Sep 2018 13:52:16 GMT" time="170.029" errors="0">
  <testcase name="clickonSigninbtn" time="29.777" classname="com.amazon.qa.tests.HomePageTest"/>
  <testcase name="clickonYourwishlistlink" time="31.893" classname="com.amazon.qa.tests.HomePageTest"/>
  <testcase name="clickonSignoutlink" time="28.861" classname="com.amazon.qa.tests.HomePageTest"/>
  <testcase name="clickonYourOrderslink" time="22.286" classname="com.amazon.qa.tests.HomePageTest"/>
  <testcase name="clickonSigninlink" time="15.417" classname="com.amazon.qa.tests.HomePageTest"/>
  <testcase name="clickonYourAmazonlink" time="15.873" classname="com.amazon.qa.tests.HomePageTest"/>
  <testcase name="verifyPageTitle" time="11.566" classname="com.amazon.qa.tests.HomePageTest"/>
  <testcase name="clickonDeliverylink" time="14.356" classname="com.amazon.qa.tests.HomePageTest"/>
</testsuite> <!-- com.amazon.qa.tests.HomePageTest -->
