<?xml version="1.0" encoding="UTF-8"?>
<!-- Generated by org.testng.reporters.JUnitReportReporter -->
<testsuite skipped="0" hostname="DESKTOP-KH6GACJ" name="com.amazon.qa.tests.SigninPageTest" tests="1" failures="0" timestamp="04 Sep 2018 16:50:27 GMT" time="12.957" errors="0">
  <testcase name="clickonConditionsofuselink" time="12.957" classname="com.amazon.qa.tests.SigninPageTest"/>
</testsuite> <!-- com.amazon.qa.tests.SigninPageTest -->
