<?xml version="1.0" encoding="UTF-8"?>
<!-- Generated by org.testng.reporters.JUnitReportReporter -->
<testsuite skipped="0" hostname="DESKTOP-KH6GACJ" name="com.amazon.qa.tests.DeliveryPopupPageTest" tests="1" failures="0" timestamp="31 Aug 2018 03:03:36 GMT" time="15.340" errors="0">
  <testcase name="verifyLocationTitle" time="15.340" classname="com.amazon.qa.tests.DeliveryPopupPageTest"/>
</testsuite> <!-- com.amazon.qa.tests.DeliveryPopupPageTest -->
