<?xml version="1.0" encoding="UTF-8"?>
<!-- Generated by org.testng.reporters.JUnitReportReporter -->
<testsuite skipped="0" hostname="DESKTOP-KH6GACJ" name="com.amazon.qa.tests.SigninPageTest" tests="1" failures="0" timestamp="04 Sep 2018 14:39:02 GMT" time="12.627" errors="0">
  <testcase name="clickonForgotPasswordlink" time="12.627" classname="com.amazon.qa.tests.SigninPageTest"/>
</testsuite> <!-- com.amazon.qa.tests.SigninPageTest -->
