<?xml version="1.0" encoding="UTF-8"?>
<!-- Generated by org.testng.reporters.JUnitReportReporter -->
<testsuite skipped="0" hostname="DESKTOP-KH6GACJ" name="com.amazon.qa.tests.HomePageTest" tests="4" failures="0" timestamp="04 Sep 2018 16:08:59 GMT" time="54.268" errors="0">
  <testcase name="clickonSigninlink" time="10.170" classname="com.amazon.qa.tests.HomePageTest"/>
  <testcase name="clickonSigninbtn" time="19.057" classname="com.amazon.qa.tests.HomePageTest"/>
  <testcase name="verifyPageTitle" time="9.682" classname="com.amazon.qa.tests.HomePageTest"/>
  <testcase name="clickonDeliverylink" time="15.359" classname="com.amazon.qa.tests.HomePageTest"/>
</testsuite> <!-- com.amazon.qa.tests.HomePageTest -->
