<?xml version="1.0" encoding="UTF-8"?>
<!-- Generated by org.testng.reporters.JUnitReportReporter -->
<testsuite skipped="0" hostname="DESKTOP-KH6GACJ" name="com.amazon.qa.tests.HomePageTest" tests="4" failures="0" timestamp="04 Sep 2018 14:38:19 GMT" time="42.876" errors="0">
  <testcase name="clickonSigninlink" time="9.642" classname="com.amazon.qa.tests.HomePageTest"/>
  <testcase name="clickonSigninbtn" time="12.776" classname="com.amazon.qa.tests.HomePageTest"/>
  <testcase name="verifyPageTitle" time="8.351" classname="com.amazon.qa.tests.HomePageTest"/>
  <testcase name="clickonDeliverylink" time="12.107" classname="com.amazon.qa.tests.HomePageTest"/>
</testsuite> <!-- com.amazon.qa.tests.HomePageTest -->
