<?xml version="1.0" encoding="UTF-8"?>
<!-- Generated by org.testng.reporters.JUnitReportReporter -->
<testsuite skipped="0" hostname="DESKTOP-KH6GACJ" name="com.amazon.qa.tests.SigninPageTest" tests="1" failures="0" timestamp="07 Sep 2018 15:43:02 GMT" time="15.328" errors="0">
  <testcase name="clickonClosebutton" time="15.328" classname="com.amazon.qa.tests.SigninPageTest"/>
</testsuite> <!-- com.amazon.qa.tests.SigninPageTest -->
