<?xml version="1.0" encoding="UTF-8"?>
<!-- Generated by org.testng.reporters.JUnitReportReporter -->
<testsuite skipped="0" hostname="DESKTOP-KH6GACJ" name="com.amazon.qa.tests.SigninPageTest" tests="1" failures="0" timestamp="04 Sep 2018 17:03:20 GMT" time="14.445" errors="0">
  <testcase name="clickonConditionsofuselink" time="14.445" classname="com.amazon.qa.tests.SigninPageTest"/>
</testsuite> <!-- com.amazon.qa.tests.SigninPageTest -->
