<?xml version="1.0" encoding="UTF-8"?>
<!-- Generated by org.testng.reporters.JUnitReportReporter -->
<testsuite skipped="0" hostname="DESKTOP-KH6GACJ" name="com.amazon.qa.tests.HomePageTest" tests="1" failures="0" timestamp="09 Sep 2018 13:40:21 GMT" time="20.599" errors="0">
  <testcase name="clickonSignoutlink" time="20.599" classname="com.amazon.qa.tests.HomePageTest"/>
</testsuite> <!-- com.amazon.qa.tests.HomePageTest -->
